ROOT_DIR is a simple variable set to [/home/andy/sprite4/]
COMPILER is a simple variable set to [GCC]
DEBUG is a undefined variable set to []
OBJECT_ROOT is a simple variable set to [/home/andy/sprite4/object-root]
PREFIX is a recursive variable set to [/home/andy/sprite4/install]

make objs
make -C src objs
make[1]: Entering directory '/home/andy/sprite4/src'
make -C sprite objs
make[2]: Entering directory '/home/andy/sprite4/src/sprite'
make -C llvm/ objs
make[3]: Entering directory '/home/andy/sprite4/src/sprite/llvm'
/usr/bin/g++ -MT /home/andy/sprite4/object-root/sprite/llvm/isa.o -MMD -MP -MF /home/andy/sprite4/object-root/sprite/llvm/.d/isa.Td -Wall -DBOOST_NO_AUTO_PTR -O2 -I/home/andy/sprite4//src -I/usr/include/llvm-5.0 -I/usr/include/llvm-c-5.0 -I/opt/boost_1_74_0/include -I/opt/python2.7/include/python2.7 -fPIC -std=c++17 -Wno-register   -c -o /home/andy/sprite4/object-root/sprite/llvm/isa.o isa.cpp
/usr/bin/g++ -MT /home/andy/sprite4/object-root/sprite/llvm/value.o -MMD -MP -MF /home/andy/sprite4/object-root/sprite/llvm/.d/value.Td -Wall -DBOOST_NO_AUTO_PTR -O2 -I/home/andy/sprite4//src -I/usr/include/llvm-5.0 -I/usr/include/llvm-c-5.0 -I/opt/boost_1_74_0/include -I/opt/python2.7/include/python2.7 -fPIC -std=c++17 -Wno-register   -c -o /home/andy/sprite4/object-root/sprite/llvm/value.o value.cpp
/usr/bin/g++ -MT /home/andy/sprite4/object-root/sprite/llvm/scope.o -MMD -MP -MF /home/andy/sprite4/object-root/sprite/llvm/.d/scope.Td -Wall -DBOOST_NO_AUTO_PTR -O2 -I/home/andy/sprite4//src -I/usr/include/llvm-5.0 -I/usr/include/llvm-c-5.0 -I/opt/boost_1_74_0/include -I/opt/python2.7/include/python2.7 -fPIC -std=c++17 -Wno-register   -c -o /home/andy/sprite4/object-root/sprite/llvm/scope.o scope.cpp
/usr/bin/g++ -MT /home/andy/sprite4/object-root/sprite/llvm/config.o -MMD -MP -MF /home/andy/sprite4/object-root/sprite/llvm/.d/config.Td -Wall -DBOOST_NO_AUTO_PTR -O2 -I/home/andy/sprite4//src -I/usr/include/llvm-5.0 -I/usr/include/llvm-c-5.0 -I/opt/boost_1_74_0/include -I/opt/python2.7/include/python2.7 -fPIC -std=c++17 -Wno-register   -c -o /home/andy/sprite4/object-root/sprite/llvm/config.o config.cpp
/usr/bin/g++ -MT /home/andy/sprite4/object-root/sprite/llvm/type.o -MMD -MP -MF /home/andy/sprite4/object-root/sprite/llvm/.d/type.Td -Wall -DBOOST_NO_AUTO_PTR -O2 -I/home/andy/sprite4//src -I/usr/include/llvm-5.0 -I/usr/include/llvm-c-5.0 -I/opt/boost_1_74_0/include -I/opt/python2.7/include/python2.7 -fPIC -std=c++17 -Wno-register   -c -o /home/andy/sprite4/object-root/sprite/llvm/type.o type.cpp
/usr/bin/g++ -MT /home/andy/sprite4/object-root/sprite/llvm/module.o -MMD -MP -MF /home/andy/sprite4/object-root/sprite/llvm/.d/module.Td -Wall -DBOOST_NO_AUTO_PTR -O2 -I/home/andy/sprite4//src -I/usr/include/llvm-5.0 -I/usr/include/llvm-c-5.0 -I/opt/boost_1_74_0/include -I/opt/python2.7/include/python2.7 -fPIC -std=c++17 -Wno-register   -c -o /home/andy/sprite4/object-root/sprite/llvm/module.o module.cpp
make[3]: Leaving directory '/home/andy/sprite4/src/sprite/llvm'
make -C misc/ objs
make[3]: Entering directory '/home/andy/sprite4/src/sprite/misc'
/usr/bin/g++ -MT /home/andy/sprite4/object-root/sprite/misc/typenames.o -MMD -MP -MF /home/andy/sprite4/object-root/sprite/misc/.d/typenames.Td -Wall -DBOOST_NO_AUTO_PTR -O2 -I/home/andy/sprite4//src -I/usr/include/llvm-5.0 -I/usr/include/llvm-c-5.0 -I/opt/boost_1_74_0/include -I/opt/python2.7/include/python2.7 -fPIC -std=c++17 -Wno-register   -c -o /home/andy/sprite4/object-root/sprite/misc/typenames.o typenames.cpp
make[3]: Leaving directory '/home/andy/sprite4/src/sprite/misc'
make -C gc/ objs
make[3]: Entering directory '/home/andy/sprite4/src/sprite/gc'
/usr/bin/gcc -MT /home/andy/sprite4/object-root/sprite/gc/cymps.o -MMD -MP -MF /home/andy/sprite4/object-root/sprite/gc/.d/cymps.Td -Wall -DBOOST_NO_AUTO_PTR -O2 -I/home/andy/sprite4//src -I/usr/include/llvm-5.0 -I/usr/include/llvm-c-5.0 -I/opt/boost_1_74_0/include -I/opt/python2.7/include/python2.7 -fPIC -I/usr/local/src/mps/code -DCONFIG_VAR_HOT -Wall   -c -o /home/andy/sprite4/object-root/sprite/gc/cymps.o cymps.c
/usr/bin/g++ -MT /home/andy/sprite4/object-root/sprite/gc/globals.o -MMD -MP -MF /home/andy/sprite4/object-root/sprite/gc/.d/globals.Td -Wall -DBOOST_NO_AUTO_PTR -O2 -I/home/andy/sprite4//src -I/usr/include/llvm-5.0 -I/usr/include/llvm-c-5.0 -I/opt/boost_1_74_0/include -I/opt/python2.7/include/python2.7 -fPIC -I/usr/local/src/mps/code -DCONFIG_VAR_HOT -Wall -std=c++17 -Wno-register   -c -o /home/andy/sprite4/object-root/sprite/gc/globals.o globals.cpp
make[3]: Leaving directory '/home/andy/sprite4/src/sprite/gc'
/usr/bin/g++ -MT /home/andy/sprite4/object-root/sprite/gc.o -MMD -MP -MF /home/andy/sprite4/object-root/sprite/.d/gc.Td -Wall -DBOOST_NO_AUTO_PTR -O2 -I/home/andy/sprite4//src -I/usr/include/llvm-5.0 -I/usr/include/llvm-c-5.0 -I/opt/boost_1_74_0/include -I/opt/python2.7/include/python2.7 -fPIC -std=c++17 -Wno-register   -c -o /home/andy/sprite4/object-root/sprite/gc.o gc.cpp
/usr/bin/g++ -MT /home/andy/sprite4/object-root/sprite/fingerprint.o -MMD -MP -MF /home/andy/sprite4/object-root/sprite/.d/fingerprint.Td -Wall -DBOOST_NO_AUTO_PTR -O2 -I/home/andy/sprite4//src -I/usr/include/llvm-5.0 -I/usr/include/llvm-c-5.0 -I/opt/boost_1_74_0/include -I/opt/python2.7/include/python2.7 -fPIC -std=c++17 -Wno-register   -c -o /home/andy/sprite4/object-root/sprite/fingerprint.o fingerprint.cpp
make[2]: Leaving directory '/home/andy/sprite4/src/sprite'
make -C python objs
make[2]: Entering directory '/home/andy/sprite4/src/python'
make -C llvm/ objs
make[3]: Entering directory '/home/andy/sprite4/src/python/llvm'
make -C types/ objs
make[4]: Entering directory '/home/andy/sprite4/src/python/llvm/types'
/usr/bin/g++ -MT /home/andy/sprite4/object-root/python/llvm/types/_types.o -MMD -MP -MF /home/andy/sprite4/object-root/python/llvm/types/.d/_types.Td -Wall -DBOOST_NO_AUTO_PTR -O2 -I/home/andy/sprite4//src -I/usr/include/llvm-5.0 -I/usr/include/llvm-c-5.0 -I/opt/boost_1_74_0/include -I/opt/python2.7/include/python2.7 -fPIC -std=c++17 -Wno-register   -c -o /home/andy/sprite4/object-root/python/llvm/types/_types.o _types.cpp
In file included from /opt/boost_1_74_0/include/boost/python/exception_translator.hpp:10:0,
                 from /opt/boost_1_74_0/include/boost/python.hpp:28,
                 from _types.cpp:1:
/opt/boost_1_74_0/include/boost/bind.hpp:41:1: note: #pragma message: The practice of declaring the Bind placeholders (_1, _2, ...) in the global namespace is deprecated. Please use <boost/bind/bind.hpp> + using namespace boost::placeholders, or define BOOST_BIND_GLOBAL_PLACEHOLDERS to retain the current behavior.
 )
 ^
In file included from /opt/boost_1_74_0/include/boost/python/object/iterator.hpp:28:0,
                 from /opt/boost_1_74_0/include/boost/python/iterator.hpp:12,
                 from /opt/boost_1_74_0/include/boost/python.hpp:37,
                 from _types.cpp:1:
/opt/boost_1_74_0/include/boost/detail/iterator.hpp:13:37: note: #pragma message: This header is deprecated. Use <iterator> instead.
 BOOST_HEADER_DEPRECATED("<iterator>")
                                     ^
make[4]: Leaving directory '/home/andy/sprite4/src/python/llvm/types'
/usr/bin/g++ -MT /home/andy/sprite4/object-root/python/llvm/class_value.o -MMD -MP -MF /home/andy/sprite4/object-root/python/llvm/.d/class_value.Td -Wall -DBOOST_NO_AUTO_PTR -O2 -I/home/andy/sprite4//src -I/usr/include/llvm-5.0 -I/usr/include/llvm-c-5.0 -I/opt/boost_1_74_0/include -I/opt/python2.7/include/python2.7 -fPIC -std=c++17 -Wno-register   -c -o /home/andy/sprite4/object-root/python/llvm/class_value.o class_value.cpp
In file included from /opt/boost_1_74_0/include/boost/python/exception_translator.hpp:10:0,
                 from /opt/boost_1_74_0/include/boost/python.hpp:28,
                 from class_value.cpp:1:
/opt/boost_1_74_0/include/boost/bind.hpp:41:1: note: #pragma message: The practice of declaring the Bind placeholders (_1, _2, ...) in the global namespace is deprecated. Please use <boost/bind/bind.hpp> + using namespace boost::placeholders, or define BOOST_BIND_GLOBAL_PLACEHOLDERS to retain the current behavior.
 )
 ^
In file included from /opt/boost_1_74_0/include/boost/python/object/iterator.hpp:28:0,
                 from /opt/boost_1_74_0/include/boost/python/iterator.hpp:12,
                 from /opt/boost_1_74_0/include/boost/python.hpp:37,
                 from class_value.cpp:1:
/opt/boost_1_74_0/include/boost/detail/iterator.hpp:13:37: note: #pragma message: This header is deprecated. Use <iterator> instead.
 BOOST_HEADER_DEPRECATED("<iterator>")
                                     ^
In file included from /opt/boost_1_74_0/include/boost/python/override.hpp:13:0,
                 from /opt/boost_1_74_0/include/boost/python/wrapper.hpp:8,
                 from /opt/boost_1_74_0/include/boost/python/object/value_holder.hpp:15,
                 from /opt/boost_1_74_0/include/boost/python/object/class_metadata.hpp:14,
                 from /opt/boost_1_74_0/include/boost/python/class.hpp:23,
                 from /opt/boost_1_74_0/include/boost/python.hpp:18,
                 from class_value.cpp:1:
/opt/boost_1_74_0/include/boost/python/extract.hpp: In function ‘boost::python::api::object {anonymous}::value__init__(boost::python::tuple, boost::python::dict)’:
/opt/boost_1_74_0/include/boost/python/extract.hpp:185:11: warning: ‘*((void*)&<anonymous> +24)’ may be used uninitialized in this function [-Wmaybe-uninitialized]
           );
           ^
/opt/boost_1_74_0/include/boost/python/extract.hpp:185:11: warning: ‘*((void*)&<anonymous> +24)’ may be used uninitialized in this function [-Wmaybe-uninitialized]
           );
           ^
In file included from /home/andy/sprite4//src/sprite/llvm/type.hpp:4:0,
                 from /home/andy/sprite4//src/sprite/llvm/isa.hpp:2,
                 from class_value.cpp:7:
/home/andy/sprite4//src/sprite/llvm/llvmobj.hpp: In static member function ‘static void* sprite::VariantConversion<VariantType>::check(PyObject*) [with VariantType = boost::variant<boost::none_t, sprite::llvm::module, sprite::llvm::value>]’:
/home/andy/sprite4//src/sprite/llvm/llvmobj.hpp:123:30: warning: ‘*((void*)(& e)+24).sprite::llvm::llvmobj<llvm::Module, sprite::llvm::count_objects<llvm::Module, sprite::llvm::custodian<llvm::Module> > >::px’ may be used uninitialized in this function [-Wmaybe-uninitialized]
     T * ptr() const { return px; }
                              ^~
/usr/bin/g++ -MT /home/andy/sprite4/object-root/python/llvm/_llvm.o -MMD -MP -MF /home/andy/sprite4/object-root/python/llvm/.d/_llvm.Td -Wall -DBOOST_NO_AUTO_PTR -O2 -I/home/andy/sprite4//src -I/usr/include/llvm-5.0 -I/usr/include/llvm-c-5.0 -I/opt/boost_1_74_0/include -I/opt/python2.7/include/python2.7 -fPIC -std=c++17 -Wno-register   -c -o /home/andy/sprite4/object-root/python/llvm/_llvm.o _llvm.cpp
In file included from /opt/boost_1_74_0/include/boost/python/exception_translator.hpp:10:0,
                 from /opt/boost_1_74_0/include/boost/python.hpp:28,
                 from _llvm.cpp:1:
/opt/boost_1_74_0/include/boost/bind.hpp:41:1: note: #pragma message: The practice of declaring the Bind placeholders (_1, _2, ...) in the global namespace is deprecated. Please use <boost/bind/bind.hpp> + using namespace boost::placeholders, or define BOOST_BIND_GLOBAL_PLACEHOLDERS to retain the current behavior.
 )
 ^
In file included from /opt/boost_1_74_0/include/boost/python/object/iterator.hpp:28:0,
                 from /opt/boost_1_74_0/include/boost/python/iterator.hpp:12,
                 from /opt/boost_1_74_0/include/boost/python.hpp:37,
                 from _llvm.cpp:1:
/opt/boost_1_74_0/include/boost/detail/iterator.hpp:13:37: note: #pragma message: This header is deprecated. Use <iterator> instead.
 BOOST_HEADER_DEPRECATED("<iterator>")
                                     ^
/usr/bin/g++ -MT /home/andy/sprite4/object-root/python/llvm/class_global.o -MMD -MP -MF /home/andy/sprite4/object-root/python/llvm/.d/class_global.Td -Wall -DBOOST_NO_AUTO_PTR -O2 -I/home/andy/sprite4//src -I/usr/include/llvm-5.0 -I/usr/include/llvm-c-5.0 -I/opt/boost_1_74_0/include -I/opt/python2.7/include/python2.7 -fPIC -std=c++17 -Wno-register   -c -o /home/andy/sprite4/object-root/python/llvm/class_global.o class_global.cpp
In file included from /opt/boost_1_74_0/include/boost/python/exception_translator.hpp:10:0,
                 from /opt/boost_1_74_0/include/boost/python.hpp:28,
                 from class_global.cpp:1:
/opt/boost_1_74_0/include/boost/bind.hpp:41:1: note: #pragma message: The practice of declaring the Bind placeholders (_1, _2, ...) in the global namespace is deprecated. Please use <boost/bind/bind.hpp> + using namespace boost::placeholders, or define BOOST_BIND_GLOBAL_PLACEHOLDERS to retain the current behavior.
 )
 ^
In file included from /opt/boost_1_74_0/include/boost/python/object/iterator.hpp:28:0,
                 from /opt/boost_1_74_0/include/boost/python/iterator.hpp:12,
                 from /opt/boost_1_74_0/include/boost/python.hpp:37,
                 from class_global.cpp:1:
/opt/boost_1_74_0/include/boost/detail/iterator.hpp:13:37: note: #pragma message: This header is deprecated. Use <iterator> instead.
 BOOST_HEADER_DEPRECATED("<iterator>")
                                     ^
/usr/bin/g++ -MT /home/andy/sprite4/object-root/python/llvm/class_module.o -MMD -MP -MF /home/andy/sprite4/object-root/python/llvm/.d/class_module.Td -Wall -DBOOST_NO_AUTO_PTR -O2 -I/home/andy/sprite4//src -I/usr/include/llvm-5.0 -I/usr/include/llvm-c-5.0 -I/opt/boost_1_74_0/include -I/opt/python2.7/include/python2.7 -fPIC -std=c++17 -Wno-register   -c -o /home/andy/sprite4/object-root/python/llvm/class_module.o class_module.cpp
In file included from /opt/boost_1_74_0/include/boost/python/exception_translator.hpp:10:0,
                 from /opt/boost_1_74_0/include/boost/python.hpp:28,
                 from class_module.cpp:1:
/opt/boost_1_74_0/include/boost/bind.hpp:41:1: note: #pragma message: The practice of declaring the Bind placeholders (_1, _2, ...) in the global namespace is deprecated. Please use <boost/bind/bind.hpp> + using namespace boost::placeholders, or define BOOST_BIND_GLOBAL_PLACEHOLDERS to retain the current behavior.
 )
 ^
In file included from /opt/boost_1_74_0/include/boost/python/object/iterator.hpp:28:0,
                 from /opt/boost_1_74_0/include/boost/python/iterator.hpp:12,
                 from /opt/boost_1_74_0/include/boost/python.hpp:37,
                 from class_module.cpp:1:
/opt/boost_1_74_0/include/boost/detail/iterator.hpp:13:37: note: #pragma message: This header is deprecated. Use <iterator> instead.
 BOOST_HEADER_DEPRECATED("<iterator>")
                                     ^
/usr/bin/g++ -MT /home/andy/sprite4/object-root/python/llvm/class_type.o -MMD -MP -MF /home/andy/sprite4/object-root/python/llvm/.d/class_type.Td -Wall -DBOOST_NO_AUTO_PTR -O2 -I/home/andy/sprite4//src -I/usr/include/llvm-5.0 -I/usr/include/llvm-c-5.0 -I/opt/boost_1_74_0/include -I/opt/python2.7/include/python2.7 -fPIC -std=c++17 -Wno-register   -c -o /home/andy/sprite4/object-root/python/llvm/class_type.o class_type.cpp
In file included from /opt/boost_1_74_0/include/boost/python/exception_translator.hpp:10:0,
                 from /opt/boost_1_74_0/include/boost/python.hpp:28,
                 from class_type.cpp:1:
/opt/boost_1_74_0/include/boost/bind.hpp:41:1: note: #pragma message: The practice of declaring the Bind placeholders (_1, _2, ...) in the global namespace is deprecated. Please use <boost/bind/bind.hpp> + using namespace boost::placeholders, or define BOOST_BIND_GLOBAL_PLACEHOLDERS to retain the current behavior.
 )
 ^
In file included from /opt/boost_1_74_0/include/boost/python/object/iterator.hpp:28:0,
                 from /opt/boost_1_74_0/include/boost/python/iterator.hpp:12,
                 from /opt/boost_1_74_0/include/boost/python.hpp:37,
                 from class_type.cpp:1:
/opt/boost_1_74_0/include/boost/detail/iterator.hpp:13:37: note: #pragma message: This header is deprecated. Use <iterator> instead.
 BOOST_HEADER_DEPRECATED("<iterator>")
                                     ^
In file included from /opt/boost_1_74_0/include/boost/python/override.hpp:13:0,
                 from /opt/boost_1_74_0/include/boost/python/wrapper.hpp:8,
                 from /opt/boost_1_74_0/include/boost/python/object/value_holder.hpp:15,
                 from /opt/boost_1_74_0/include/boost/python/object/class_metadata.hpp:14,
                 from /opt/boost_1_74_0/include/boost/python/class.hpp:23,
                 from /opt/boost_1_74_0/include/boost/python.hpp:18,
                 from class_type.cpp:1:
/opt/boost_1_74_0/include/boost/python/extract.hpp: In static member function ‘static void sprite::VectorConversion<T>::construct(PyObject*, boost::python::converter::rvalue_from_python_stage1_data*) [with T = long unsigned int]’:
/opt/boost_1_74_0/include/boost/python/extract.hpp:185:11: warning: ‘*((void*)&<anonymous> +24)’ may be used uninitialized in this function [-Wmaybe-uninitialized]
           );
           ^
/opt/boost_1_74_0/include/boost/python/extract.hpp: In static member function ‘static PyObject* sprite::IterableRangeConversion<ValueType>::convert(const sprite::IterableRange<ValueType>&) [with ValueType = long unsigned int]’:
/opt/boost_1_74_0/include/boost/python/extract.hpp:185:11: warning: ‘*((void*)&<anonymous> +24)’ may be used uninitialized in this function [-Wmaybe-uninitialized]
           );
           ^
/usr/bin/g++ -MT /home/andy/sprite4/object-root/python/llvm/utility.o -MMD -MP -MF /home/andy/sprite4/object-root/python/llvm/.d/utility.Td -Wall -DBOOST_NO_AUTO_PTR -O2 -I/home/andy/sprite4//src -I/usr/include/llvm-5.0 -I/usr/include/llvm-c-5.0 -I/opt/boost_1_74_0/include -I/opt/python2.7/include/python2.7 -fPIC -std=c++17 -Wno-register   -c -o /home/andy/sprite4/object-root/python/llvm/utility.o utility.cpp
In file included from /opt/boost_1_74_0/include/boost/python/exception_translator.hpp:10:0,
                 from /opt/boost_1_74_0/include/boost/python.hpp:28,
                 from /home/andy/sprite4//src/python/llvm/utility.hpp:2,
                 from utility.cpp:1:
/opt/boost_1_74_0/include/boost/bind.hpp:41:1: note: #pragma message: The practice of declaring the Bind placeholders (_1, _2, ...) in the global namespace is deprecated. Please use <boost/bind/bind.hpp> + using namespace boost::placeholders, or define BOOST_BIND_GLOBAL_PLACEHOLDERS to retain the current behavior.
 )
 ^
In file included from /opt/boost_1_74_0/include/boost/python/object/iterator.hpp:28:0,
                 from /opt/boost_1_74_0/include/boost/python/iterator.hpp:12,
                 from /opt/boost_1_74_0/include/boost/python.hpp:37,
                 from /home/andy/sprite4//src/python/llvm/utility.hpp:2,
                 from utility.cpp:1:
/opt/boost_1_74_0/include/boost/detail/iterator.hpp:13:37: note: #pragma message: This header is deprecated. Use <iterator> instead.
 BOOST_HEADER_DEPRECATED("<iterator>")
                                     ^
/usr/bin/g++ -MT /home/andy/sprite4/object-root/python/llvm/conversions.o -MMD -MP -MF /home/andy/sprite4/object-root/python/llvm/.d/conversions.Td -Wall -DBOOST_NO_AUTO_PTR -O2 -I/home/andy/sprite4//src -I/usr/include/llvm-5.0 -I/usr/include/llvm-c-5.0 -I/opt/boost_1_74_0/include -I/opt/python2.7/include/python2.7 -fPIC -std=c++17 -Wno-register   -c -o /home/andy/sprite4/object-root/python/llvm/conversions.o conversions.cpp
In file included from /opt/boost_1_74_0/include/boost/python/exception_translator.hpp:10:0,
                 from /opt/boost_1_74_0/include/boost/python.hpp:28,
                 from /home/andy/sprite4//src/python/llvm/conversions.hpp:2,
                 from conversions.cpp:1:
/opt/boost_1_74_0/include/boost/bind.hpp:41:1: note: #pragma message: The practice of declaring the Bind placeholders (_1, _2, ...) in the global namespace is deprecated. Please use <boost/bind/bind.hpp> + using namespace boost::placeholders, or define BOOST_BIND_GLOBAL_PLACEHOLDERS to retain the current behavior.
 )
 ^
In file included from /opt/boost_1_74_0/include/boost/python/object/iterator.hpp:28:0,
                 from /opt/boost_1_74_0/include/boost/python/iterator.hpp:12,
                 from /opt/boost_1_74_0/include/boost/python.hpp:37,
                 from /home/andy/sprite4//src/python/llvm/conversions.hpp:2,
                 from conversions.cpp:1:
/opt/boost_1_74_0/include/boost/detail/iterator.hpp:13:37: note: #pragma message: This header is deprecated. Use <iterator> instead.
 BOOST_HEADER_DEPRECATED("<iterator>")
                                     ^
make[3]: Leaving directory '/home/andy/sprite4/src/python/llvm'
make -C utility/ objs
make[3]: Entering directory '/home/andy/sprite4/src/python/utility'
make[3]: Nothing to be done for 'objs'.
make[3]: Leaving directory '/home/andy/sprite4/src/python/utility'
make -C tools/ objs
make[3]: Entering directory '/home/andy/sprite4/src/python/tools'
make -C icy/ objs
make[4]: Entering directory '/home/andy/sprite4/src/python/tools/icy'
make[4]: Nothing to be done for 'objs'.
make[4]: Leaving directory '/home/andy/sprite4/src/python/tools/icy'
make[3]: Leaving directory '/home/andy/sprite4/src/python/tools'
make -C interpreter/ objs
make[3]: Entering directory '/home/andy/sprite4/src/python/interpreter'
make[3]: Nothing to be done for 'objs'.
make[3]: Leaving directory '/home/andy/sprite4/src/python/interpreter'
make -C runtime/ objs
make[3]: Entering directory '/home/andy/sprite4/src/python/runtime'
/usr/bin/g++ -MT /home/andy/sprite4/object-root/python/runtime/class_fingerprint.o -MMD -MP -MF /home/andy/sprite4/object-root/python/runtime/.d/class_fingerprint.Td -Wall -DBOOST_NO_AUTO_PTR -O2 -I/home/andy/sprite4//src -I/usr/include/llvm-5.0 -I/usr/include/llvm-c-5.0 -I/opt/boost_1_74_0/include -I/opt/python2.7/include/python2.7 -fPIC -std=c++17 -Wno-register   -c -o /home/andy/sprite4/object-root/python/runtime/class_fingerprint.o class_fingerprint.cpp
In file included from /opt/boost_1_74_0/include/boost/python/exception_translator.hpp:10:0,
                 from /opt/boost_1_74_0/include/boost/python.hpp:28,
                 from class_fingerprint.cpp:1:
/opt/boost_1_74_0/include/boost/bind.hpp:41:1: note: #pragma message: The practice of declaring the Bind placeholders (_1, _2, ...) in the global namespace is deprecated. Please use <boost/bind/bind.hpp> + using namespace boost::placeholders, or define BOOST_BIND_GLOBAL_PLACEHOLDERS to retain the current behavior.
 )
 ^
In file included from /opt/boost_1_74_0/include/boost/python/object/iterator.hpp:28:0,
                 from /opt/boost_1_74_0/include/boost/python/iterator.hpp:12,
                 from /opt/boost_1_74_0/include/boost/python.hpp:37,
                 from class_fingerprint.cpp:1:
/opt/boost_1_74_0/include/boost/detail/iterator.hpp:13:37: note: #pragma message: This header is deprecated. Use <iterator> instead.
 BOOST_HEADER_DEPRECATED("<iterator>")
                                     ^
/usr/bin/g++ -MT /home/andy/sprite4/object-root/python/runtime/_runtime.o -MMD -MP -MF /home/andy/sprite4/object-root/python/runtime/.d/_runtime.Td -Wall -DBOOST_NO_AUTO_PTR -O2 -I/home/andy/sprite4//src -I/usr/include/llvm-5.0 -I/usr/include/llvm-c-5.0 -I/opt/boost_1_74_0/include -I/opt/python2.7/include/python2.7 -fPIC -std=c++17 -Wno-register   -c -o /home/andy/sprite4/object-root/python/runtime/_runtime.o _runtime.cpp
In file included from /opt/boost_1_74_0/include/boost/python/exception_translator.hpp:10:0,
                 from /opt/boost_1_74_0/include/boost/python.hpp:28,
                 from _runtime.cpp:1:
/opt/boost_1_74_0/include/boost/bind.hpp:41:1: note: #pragma message: The practice of declaring the Bind placeholders (_1, _2, ...) in the global namespace is deprecated. Please use <boost/bind/bind.hpp> + using namespace boost::placeholders, or define BOOST_BIND_GLOBAL_PLACEHOLDERS to retain the current behavior.
 )
 ^
In file included from /opt/boost_1_74_0/include/boost/python/object/iterator.hpp:28:0,
                 from /opt/boost_1_74_0/include/boost/python/iterator.hpp:12,
                 from /opt/boost_1_74_0/include/boost/python.hpp:37,
                 from _runtime.cpp:1:
/opt/boost_1_74_0/include/boost/detail/iterator.hpp:13:37: note: #pragma message: This header is deprecated. Use <iterator> instead.
 BOOST_HEADER_DEPRECATED("<iterator>")
                                     ^
make[3]: Leaving directory '/home/andy/sprite4/src/python/runtime'
make -C lib/ objs
make[3]: Entering directory '/home/andy/sprite4/src/python/lib'
make[3]: Nothing to be done for 'objs'.
make[3]: Leaving directory '/home/andy/sprite4/src/python/lib'
make[2]: Leaving directory '/home/andy/sprite4/src/python'
make[1]: Leaving directory '/home/andy/sprite4/src'

make libs
make -C src libs
make[1]: Entering directory '/home/andy/sprite4/src'
make -C sprite libs
make[2]: Entering directory '/home/andy/sprite4/src/sprite'
make -C llvm/ libs
make[3]: Entering directory '/home/andy/sprite4/src/sprite/llvm'
flock /home/andy/sprite4/object-root/lock ar rv -U /home/andy/sprite4/object-root/sprite/libsprite.a /home/andy/sprite4/object-root/sprite/llvm/isa.o
ar: creating /home/andy/sprite4/object-root/sprite/libsprite.a
a - /home/andy/sprite4/object-root/sprite/llvm/isa.o
flock /home/andy/sprite4/object-root/lock ar rv -U /home/andy/sprite4/object-root/sprite/libsprite.a /home/andy/sprite4/object-root/sprite/llvm/value.o
a - /home/andy/sprite4/object-root/sprite/llvm/value.o
flock /home/andy/sprite4/object-root/lock ar rv -U /home/andy/sprite4/object-root/sprite/libsprite.a /home/andy/sprite4/object-root/sprite/llvm/scope.o
a - /home/andy/sprite4/object-root/sprite/llvm/scope.o
flock /home/andy/sprite4/object-root/lock ar rv -U /home/andy/sprite4/object-root/sprite/libsprite.a /home/andy/sprite4/object-root/sprite/llvm/config.o
a - /home/andy/sprite4/object-root/sprite/llvm/config.o
flock /home/andy/sprite4/object-root/lock ar rv -U /home/andy/sprite4/object-root/sprite/libsprite.a /home/andy/sprite4/object-root/sprite/llvm/type.o
a - /home/andy/sprite4/object-root/sprite/llvm/type.o
flock /home/andy/sprite4/object-root/lock ar rv -U /home/andy/sprite4/object-root/sprite/libsprite.a /home/andy/sprite4/object-root/sprite/llvm/module.o
a - /home/andy/sprite4/object-root/sprite/llvm/module.o
make[3]: Leaving directory '/home/andy/sprite4/src/sprite/llvm'
make -C misc/ libs
make[3]: Entering directory '/home/andy/sprite4/src/sprite/misc'
flock /home/andy/sprite4/object-root/lock ar rv -U /home/andy/sprite4/object-root/sprite/libsprite.a /home/andy/sprite4/object-root/sprite/misc/typenames.o
a - /home/andy/sprite4/object-root/sprite/misc/typenames.o
make[3]: Leaving directory '/home/andy/sprite4/src/sprite/misc'
make -C gc/ libs
make[3]: Entering directory '/home/andy/sprite4/src/sprite/gc'
flock /home/andy/sprite4/object-root/lock ar rv -U /home/andy/sprite4/object-root/sprite/libsprite.a /home/andy/sprite4/object-root/sprite/gc/cymps.o
a - /home/andy/sprite4/object-root/sprite/gc/cymps.o
flock /home/andy/sprite4/object-root/lock ar rv -U /home/andy/sprite4/object-root/sprite/libsprite.a /home/andy/sprite4/object-root/sprite/gc/globals.o
a - /home/andy/sprite4/object-root/sprite/gc/globals.o
make[3]: Leaving directory '/home/andy/sprite4/src/sprite/gc'
flock /home/andy/sprite4/object-root/lock ar rv -U /home/andy/sprite4/object-root/sprite/libsprite.a /home/andy/sprite4/object-root/sprite/gc.o
a - /home/andy/sprite4/object-root/sprite/gc.o
flock /home/andy/sprite4/object-root/lock ar rv -U /home/andy/sprite4/object-root/sprite/libsprite.a /home/andy/sprite4/object-root/sprite/fingerprint.o
a - /home/andy/sprite4/object-root/sprite/fingerprint.o
make[2]: Leaving directory '/home/andy/sprite4/src/sprite'
make -C python libs
make[2]: Entering directory '/home/andy/sprite4/src/python'
make -C llvm/ libs
make[3]: Entering directory '/home/andy/sprite4/src/python/llvm'
make -C types/ libs
make[4]: Entering directory '/home/andy/sprite4/src/python/llvm/types'
make[4]: Nothing to be done for 'libs'.
make[4]: Leaving directory '/home/andy/sprite4/src/python/llvm/types'
make[3]: Leaving directory '/home/andy/sprite4/src/python/llvm'
make -C utility/ libs
make[3]: Entering directory '/home/andy/sprite4/src/python/utility'
make[3]: Nothing to be done for 'libs'.
make[3]: Leaving directory '/home/andy/sprite4/src/python/utility'
make -C tools/ libs
make[3]: Entering directory '/home/andy/sprite4/src/python/tools'
make -C icy/ libs
make[4]: Entering directory '/home/andy/sprite4/src/python/tools/icy'
make[4]: Nothing to be done for 'libs'.
make[4]: Leaving directory '/home/andy/sprite4/src/python/tools/icy'
make[3]: Leaving directory '/home/andy/sprite4/src/python/tools'
make -C interpreter/ libs
make[3]: Entering directory '/home/andy/sprite4/src/python/interpreter'
make[3]: Nothing to be done for 'libs'.
make[3]: Leaving directory '/home/andy/sprite4/src/python/interpreter'
make -C runtime/ libs
make[3]: Entering directory '/home/andy/sprite4/src/python/runtime'
make[3]: Nothing to be done for 'libs'.
make[3]: Leaving directory '/home/andy/sprite4/src/python/runtime'
make -C lib/ libs
make[3]: Entering directory '/home/andy/sprite4/src/python/lib'
make[3]: Nothing to be done for 'libs'.
make[3]: Leaving directory '/home/andy/sprite4/src/python/lib'
make[2]: Leaving directory '/home/andy/sprite4/src/python'
make[1]: Leaving directory '/home/andy/sprite4/src'

Installation PREFIX=PREFIX is a recursive variable set to [/home/andy/sprite4/install]
make install
mkdir -p /home/andy/sprite4/install/.bin
ln -s /opt/python2.7/bin/coverage /home/andy/sprite4/install/.bin/coverage
mkdir -p /home/andy/sprite4/install/bin
ln -s .invoker /home/andy/sprite4/install/bin/coverage
ln -s /opt/antoy-cmc/translator/bin/curry2json /home/andy/sprite4/install/.bin/curry2json
cp /home/andy/sprite4//src/export/invoker.script /home/andy/sprite4/install/bin/.invoker
chmod 554 /home/andy/sprite4/install/bin/.invoker
ln -s /opt/python2.7/bin/python /home/andy/sprite4/install/.bin/python
ln -s .invoker /home/andy/sprite4/install/bin/python
cp /home/andy/sprite4//src/export/icy.script /home/andy/sprite4/install/bin/icy
chmod 554 /home/andy/sprite4/install/bin/icy
cp /home/andy/sprite4//src/export/curryexec.script /home/andy/sprite4/install/bin/curryexec
chmod 554 /home/andy/sprite4/install/bin/curryexec
mkdir -p /home/andy/sprite4/install/lib/curry
cp /opt/antoy-cmc/runtime/lib/Prelude.curry /home/andy/sprite4/install/lib/curry/Prelude.curry
mkdir -p /home/andy/sprite4/install/lib/curry/.curry
cp /opt/antoy-cmc/runtime/lib/.curry/Prelude.fcy /home/andy/sprite4/install/lib/curry/.curry/Prelude.fcy
cp /opt/antoy-cmc/runtime/lib/.curry/Prelude.fint /home/andy/sprite4/install/lib/curry/.curry/Prelude.fint
cp /opt/antoy-cmc/runtime/lib/.curry/Prelude.icur /home/andy/sprite4/install/lib/curry/.curry/Prelude.icur
cp /opt/antoy-cmc/runtime/lib/.curry/Prelude.icurry /home/andy/sprite4/install/lib/curry/.curry/Prelude.icurry
cp /opt/antoy-cmc/runtime/lib/.curry/Prelude.json /home/andy/sprite4/install/lib/curry/.curry/Prelude.json
cp /opt/antoy-cmc/runtime/lib/.curry/Prelude.read /home/andy/sprite4/install/lib/curry/.curry/Prelude.read
make -C src install
make[1]: Entering directory '/home/andy/sprite4/src'
make -C sprite install
make[2]: Entering directory '/home/andy/sprite4/src/sprite'
make -C llvm/ install
make[3]: Entering directory '/home/andy/sprite4/src/sprite/llvm'
make[3]: Nothing to be done for 'install'.
make[3]: Leaving directory '/home/andy/sprite4/src/sprite/llvm'
make -C misc/ install
make[3]: Entering directory '/home/andy/sprite4/src/sprite/misc'
make[3]: Nothing to be done for 'install'.
make[3]: Leaving directory '/home/andy/sprite4/src/sprite/misc'
make -C gc/ install
make[3]: Entering directory '/home/andy/sprite4/src/sprite/gc'
make[3]: Nothing to be done for 'install'.
make[3]: Leaving directory '/home/andy/sprite4/src/sprite/gc'
make -C /home/andy/sprite4//src/sprite libs
make[3]: Entering directory '/home/andy/sprite4/src/sprite'
make -C llvm/ libs
make[4]: Entering directory '/home/andy/sprite4/src/sprite/llvm'
make[4]: Nothing to be done for 'libs'.
make[4]: Leaving directory '/home/andy/sprite4/src/sprite/llvm'
make -C misc/ libs
make[4]: Entering directory '/home/andy/sprite4/src/sprite/misc'
make[4]: Nothing to be done for 'libs'.
make[4]: Leaving directory '/home/andy/sprite4/src/sprite/misc'
make -C gc/ libs
make[4]: Entering directory '/home/andy/sprite4/src/sprite/gc'
make[4]: Nothing to be done for 'libs'.
make[4]: Leaving directory '/home/andy/sprite4/src/sprite/gc'
make[3]: Leaving directory '/home/andy/sprite4/src/sprite'
/usr/bin/g++ -shared -o /home/andy/sprite4/object-root/sprite/libsprite.so -Wl,--whole-archive /home/andy/sprite4/object-root/sprite/libsprite.a -Wl,--no-whole-archive -lpthread -L /usr/lib/llvm-5.0/lib -L /opt/python2.7/lib -L /opt/boost_1_74_0/lib -Wl,-rpath=/usr/lib/llvm-5.0/lib -Wl,-rpath=/opt/python2.7/lib -Wl,-rpath=/opt/boost_1_74_0/lib -lLLVM -Wl,--no-undefined
cp /home/andy/sprite4/object-root/sprite/libsprite.so /home/andy/sprite4/install/lib/libsprite.so
make[2]: Leaving directory '/home/andy/sprite4/src/sprite'
make -C python install
make[2]: Entering directory '/home/andy/sprite4/src/python'
make -C llvm/ install
make[3]: Entering directory '/home/andy/sprite4/src/python/llvm'
make -C types/ install
make[4]: Entering directory '/home/andy/sprite4/src/python/llvm/types'
cp __init__.py /home/andy/sprite4/install/lib/python2.7/curry/llvm/types/__init__.py
/usr/bin/g++ -shared -o /home/andy/sprite4/object-root/python/llvm/types/_types.so  /home/andy/sprite4/object-root/python/llvm/types/_types.o  -L /home/andy/sprite4/object-root/sprite -lsprite -lpython2.7 -lboost_python27 -L /usr/lib/llvm-5.0/lib -L /opt/python2.7/lib -L /opt/boost_1_74_0/lib -Wl,-rpath=/usr/lib/llvm-5.0/lib -Wl,-rpath=/opt/python2.7/lib -Wl,-rpath=/opt/boost_1_74_0/lib -lLLVM -Wl,--no-undefined
cp /home/andy/sprite4/object-root/python/llvm/types/_types.so /home/andy/sprite4/install/lib/python2.7/curry/llvm/types/_types.so
make[4]: Leaving directory '/home/andy/sprite4/src/python/llvm/types'
cp _symboltable.py /home/andy/sprite4/install/lib/python2.7/curry/llvm/_symboltable.py
cp _value.py /home/andy/sprite4/install/lib/python2.7/curry/llvm/_value.py
cp _utility.py /home/andy/sprite4/install/lib/python2.7/curry/llvm/_utility.py
cp __init__.py /home/andy/sprite4/install/lib/python2.7/curry/llvm/__init__.py
/usr/bin/g++ -shared -o /home/andy/sprite4/object-root/python/llvm/_llvm.so  /home/andy/sprite4/object-root/python/llvm/class_value.o /home/andy/sprite4/object-root/python/llvm/_llvm.o /home/andy/sprite4/object-root/python/llvm/class_global.o /home/andy/sprite4/object-root/python/llvm/class_module.o /home/andy/sprite4/object-root/python/llvm/class_type.o /home/andy/sprite4/object-root/python/llvm/utility.o /home/andy/sprite4/object-root/python/llvm/conversions.o  -L /home/andy/sprite4/object-root/sprite -lsprite -lpython2.7 -lboost_python27 -L /usr/lib/llvm-5.0/lib -L /opt/python2.7/lib -L /opt/boost_1_74_0/lib -Wl,-rpath=/usr/lib/llvm-5.0/lib -Wl,-rpath=/opt/python2.7/lib -Wl,-rpath=/opt/boost_1_74_0/lib -lLLVM -Wl,--no-undefined
cp /home/andy/sprite4/object-root/python/llvm/_llvm.so /home/andy/sprite4/install/lib/python2.7/curry/llvm/_llvm.so
make[3]: Leaving directory '/home/andy/sprite4/src/python/llvm'
make -C utility/ install
make[3]: Entering directory '/home/andy/sprite4/src/python/utility'
cp visitation.py /home/andy/sprite4/install/lib/python2.7/curry/utility/visitation.py
cp unionfind.py /home/andy/sprite4/install/lib/python2.7/curry/utility/unionfind.py
cp binding.py /home/andy/sprite4/install/lib/python2.7/curry/utility/binding.py
cp __init__.py /home/andy/sprite4/install/lib/python2.7/curry/utility/__init__.py
cp unboxed.py /home/andy/sprite4/install/lib/python2.7/curry/utility/unboxed.py
cp flagutils.py /home/andy/sprite4/install/lib/python2.7/curry/utility/flagutils.py
cp encoding.py /home/andy/sprite4/install/lib/python2.7/curry/utility/encoding.py
cp proptree.py /home/andy/sprite4/install/lib/python2.7/curry/utility/proptree.py
cp _tempfile.py /home/andy/sprite4/install/lib/python2.7/curry/utility/_tempfile.py
make[3]: Leaving directory '/home/andy/sprite4/src/python/utility'
make -C tools/ install
make[3]: Entering directory '/home/andy/sprite4/src/python/tools'
make -C icy/ install
make[4]: Entering directory '/home/andy/sprite4/src/python/tools/icy'
cp commands.py /home/andy/sprite4/install/lib/python2.7/curry/tools/icy/commands.py
cp resolve.py /home/andy/sprite4/install/lib/python2.7/curry/tools/icy/resolve.py
cp repl.py /home/andy/sprite4/install/lib/python2.7/curry/tools/icy/repl.py
cp __init__.py /home/andy/sprite4/install/lib/python2.7/curry/tools/icy/__init__.py
cp options.py /home/andy/sprite4/install/lib/python2.7/curry/tools/icy/options.py
cp __main__.py /home/andy/sprite4/install/lib/python2.7/curry/tools/icy/__main__.py
make[4]: Leaving directory '/home/andy/sprite4/src/python/tools/icy'
cp __init__.py /home/andy/sprite4/install/lib/python2.7/curry/tools/__init__.py
make[3]: Leaving directory '/home/andy/sprite4/src/python/tools'
make -C interpreter/ install
make[3]: Entering directory '/home/andy/sprite4/src/python/interpreter'
cp lookup.py /home/andy/sprite4/install/lib/python2.7/curry/interpreter/lookup.py
cp conversions.py /home/andy/sprite4/install/lib/python2.7/curry/interpreter/conversions.py
cp prelude.py /home/andy/sprite4/install/lib/python2.7/curry/interpreter/prelude.py
cp typecheckers.py /home/andy/sprite4/install/lib/python2.7/curry/interpreter/typecheckers.py
cp interpreter.py /home/andy/sprite4/install/lib/python2.7/curry/interpreter/interpreter.py
cp import_.py /home/andy/sprite4/install/lib/python2.7/curry/interpreter/import_.py
cp runtime.py /home/andy/sprite4/install/lib/python2.7/curry/interpreter/runtime.py
cp prelude_impl.py /home/andy/sprite4/install/lib/python2.7/curry/interpreter/prelude_impl.py
cp eval.py /home/andy/sprite4/install/lib/python2.7/curry/interpreter/eval.py
cp __init__.py /home/andy/sprite4/install/lib/python2.7/curry/interpreter/__init__.py
cp show.py /home/andy/sprite4/install/lib/python2.7/curry/interpreter/show.py
cp module.py /home/andy/sprite4/install/lib/python2.7/curry/interpreter/module.py
cp compile.py /home/andy/sprite4/install/lib/python2.7/curry/interpreter/compile.py
cp parameters.py /home/andy/sprite4/install/lib/python2.7/curry/interpreter/parameters.py
cp function_compiler.py /home/andy/sprite4/install/lib/python2.7/curry/interpreter/function_compiler.py
make[3]: Leaving directory '/home/andy/sprite4/src/python/interpreter'
make -C runtime/ install
make[3]: Entering directory '/home/andy/sprite4/src/python/runtime'
cp __init__.py /home/andy/sprite4/install/lib/python2.7/curry/runtime/__init__.py
/usr/bin/g++ -shared -o /home/andy/sprite4/object-root/python/runtime/_runtime.so  /home/andy/sprite4/object-root/python/runtime/class_fingerprint.o /home/andy/sprite4/object-root/python/runtime/_runtime.o  -L /home/andy/sprite4/object-root/sprite -lsprite -lpython2.7 -lboost_python27 -L /usr/lib/llvm-5.0/lib -L /opt/python2.7/lib -L /opt/boost_1_74_0/lib -Wl,-rpath=/usr/lib/llvm-5.0/lib -Wl,-rpath=/opt/python2.7/lib -Wl,-rpath=/opt/boost_1_74_0/lib -lLLVM -Wl,--no-undefined
cp /home/andy/sprite4/object-root/python/runtime/_runtime.so /home/andy/sprite4/install/lib/python2.7/curry/runtime/_runtime.so
make[3]: Leaving directory '/home/andy/sprite4/src/python/runtime'
make -C lib/ install
make[3]: Entering directory '/home/andy/sprite4/src/python/lib'
cp __init__.py /home/andy/sprite4/install/lib/python2.7/curry/lib/__init__.py
make[3]: Leaving directory '/home/andy/sprite4/src/python/lib'
cp cache.py /home/andy/sprite4/install/lib/python2.7/curry/./cache.py
cp icurry.py /home/andy/sprite4/install/lib/python2.7/curry/./icurry.py
cp inspect.py /home/andy/sprite4/install/lib/python2.7/curry/./inspect.py
cp types.py /home/andy/sprite4/install/lib/python2.7/curry/./types.py
cp __init__.py /home/andy/sprite4/install/lib/python2.7/curry/./__init__.py
cp exceptions.py /home/andy/sprite4/install/lib/python2.7/curry/./exceptions.py
cp importer.py /home/andy/sprite4/install/lib/python2.7/curry/./importer.py
cp __main__.py /home/andy/sprite4/install/lib/python2.7/curry/./__main__.py
make[2]: Leaving directory '/home/andy/sprite4/src/python'
make[1]: Leaving directory '/home/andy/sprite4/src'

****** Sprite is installed under /home/andy/sprite4/install ******


(cd docs; make install)
/home/andy/sprite4/install/bin/python -m sphinx -b html -d /home/andy/sprite4/object-root/docs/doctrees   source /home/andy/sprite4/object-root/docs/html
Running Sphinx v1.8.5
loading translations [python]... not available for built-in messages
making output directory...
building [mo]: targets for 0 po files that are out of date
building [html]: targets for 11 source files that are out of date
updating environment: 11 added, 0 changed, 0 removed
reading sources... [  9%] curry
/opt/python2.7/lib/python2.7/site-packages/sphinx/util/nodes.py:94: FutureWarning: 
   The iterable returned by Node.traverse()
   will become an iterator instead of a list in Docutils > 0.16.
  for classifier in reversed(node.parent.traverse(nodes.classifier)):
reading sources... [ 18%] curry.interpreter
reading sources... [ 27%] curry.lib
reading sources... [ 36%] curry.llvm
reading sources... [ 45%] curry.llvm.types
reading sources... [ 54%] curry.runtime
reading sources... [ 63%] curry.tools
reading sources... [ 72%] curry.tools.icy
reading sources... [ 81%] curry.utility
reading sources... [ 90%] index
reading sources... [100%] modules

/home/andy/sprite4/install/lib/python2.7/curry/icurry.py:docstring of curry.icurry.getmd:4: WARNING: Unexpected section title.

Parameters:
-----------
/home/andy/sprite4/install/lib/python2.7/curry/icurry.py:docstring of curry.icurry.getmd:15: WARNING: Unexpected section title.

Return:
-------
/home/andy/sprite4/install/lib/python2.7/curry/importer.py:docstring of curry.importer.curry2json:4: WARNING: Unexpected section title.

Parameters:
-----------
/home/andy/sprite4/install/lib/python2.7/curry/importer.py:docstring of curry.importer.curry2json:11: WARNING: Title underline too short.

Returns:
-------
/home/andy/sprite4/install/lib/python2.7/curry/importer.py:docstring of curry.importer.curry2json:11: WARNING: Unexpected section title.

Returns:
-------
/home/andy/sprite4/install/lib/python2.7/curry/importer.py:docstring of curry.importer.findCurryModule:4: WARNING: Unexpected section title.

Parameters:
-----------
/home/andy/sprite4/install/lib/python2.7/curry/importer.py:docstring of curry.importer.findCurryModule:13: WARNING: Unexpected section title.

Raises:
-------
/home/andy/sprite4/install/lib/python2.7/curry/importer.py:docstring of curry.importer.findCurryModule:17: WARNING: Unexpected section title.

Returns:
--------
/home/andy/sprite4/install/lib/python2.7/curry/importer.py:docstring of curry.importer.findfiles:4: WARNING: Unexpected section title.

Parameters:
-----------
/home/andy/sprite4/install/lib/python2.7/curry/importer.py:docstring of curry.importer.findfiles:11: WARNING: Unexpected section title.

Returns:
--------
/home/andy/sprite4/install/lib/python2.7/curry/importer.py:docstring of curry.importer.getICurryForModule:4: WARNING: Unexpected section title.

Parameters:
-----------
/home/andy/sprite4/install/lib/python2.7/curry/importer.py:docstring of curry.importer.getICurryForModule:11: WARNING: Unexpected section title.

Raises:
-------
/home/andy/sprite4/install/lib/python2.7/curry/importer.py:docstring of curry.importer.getImportSpecForExpr:5: WARNING: Unexpected section title.

Parameters:
-----------
/home/andy/sprite4/install/lib/python2.7/curry/importer.py:docstring of curry.importer.getImportSpecForExpr:13: WARNING: Unexpected section title.

Returns:
--------
/home/andy/sprite4/install/lib/python2.7/curry/importer.py:docstring of curry.importer.str2icurry:5: WARNING: Unexpected section title.

Returns:
--------
/home/andy/sprite4/install/lib/python2.7/curry/interpreter/compile.py:docstring of curry.interpreter.compile.compile:6: WARNING: Unexpected section title.

Parameters:
-----------
/home/andy/sprite4/install/lib/python2.7/curry/interpreter/compile.py:docstring of curry.interpreter.compile.compile:20: WARNING: Unexpected section title.

Returns:
--------
/home/andy/sprite4/install/lib/python2.7/curry/interpreter/conversions.py:docstring of curry.interpreter.conversions.expr:31: WARNING: Unexpected section title.

Parameters:
-----------
/home/andy/sprite4/install/lib/python2.7/curry/interpreter/conversions.py:docstring of curry.interpreter.conversions.expr:41: WARNING: Unexpected section title.

Returns:
--------
/home/andy/sprite4/install/lib/python2.7/curry/interpreter/conversions.py:docstring of curry.interpreter.conversions.topython:7: WARNING: Unexpected section title.

Parameters:
-----------
/home/andy/sprite4/install/lib/python2.7/curry/interpreter/conversions.py:docstring of curry.interpreter.conversions.topython:14: WARNING: Unexpected section title.

Returns:
--------
/home/andy/sprite4/install/lib/python2.7/curry/interpreter/eval.py:docstring of curry.interpreter.eval.eval:4: WARNING: Unexpected section title.

Parameters:
-----------
/home/andy/sprite4/install/lib/python2.7/curry/interpreter/eval.py:docstring of curry.interpreter.eval.eval:13: WARNING: Unexpected section title.

Returns:
--------
/home/andy/sprite4/install/lib/python2.7/curry/interpreter/function_compiler.py:docstring of curry.interpreter.function_compiler.compile_function:4: WARNING: Unexpected section title.

Parameters:
-----------
/home/andy/sprite4/install/lib/python2.7/curry/interpreter/import_.py:docstring of curry.interpreter.import_.import_:4: WARNING: Unexpected section title.

Parameters:
-----------
/home/andy/sprite4/install/lib/python2.7/curry/interpreter/import_.py:docstring of curry.interpreter.import_.import_:26: WARNING: Unexpected section title.

Returns:
--------
/home/andy/sprite4/install/lib/python2.7/curry/interpreter/import_.py:docstring of curry.interpreter.import_.insertSymbol:7: WARNING: Unexpected section title.

Parameters:
-----------
/home/andy/sprite4/install/lib/python2.7/curry/interpreter/import_.py:docstring of curry.interpreter.import_.insertSymbol:18: WARNING: Unexpected section title.

Returns:
--------
/home/andy/sprite4/install/lib/python2.7/curry/interpreter/interpreter.py:docstring of curry.interpreter.interpreter.Interpreter:7: WARNING: Unexpected section title.

Supported flags:
----------------
/home/andy/sprite4/install/lib/python2.7/curry/interpreter/interpreter.py:docstring of curry.interpreter.interpreter.Interpreter:9: WARNING: Inline emphasis start-string without end-string.
/home/andy/sprite4/install/lib/python2.7/curry/interpreter/interpreter.py:docstring of curry.interpreter.interpreter.Interpreter:11: WARNING: Inline substitution_reference start-string without end-string.
/home/andy/sprite4/install/lib/python2.7/curry/interpreter/interpreter.py:docstring of curry.interpreter.interpreter.Interpreter:17: WARNING: Inline emphasis start-string without end-string.
/home/andy/sprite4/install/lib/python2.7/curry/interpreter/interpreter.py:docstring of curry.interpreter.interpreter.Interpreter.compile:6: WARNING: Unexpected section title.

Parameters:
-----------
/home/andy/sprite4/install/lib/python2.7/curry/interpreter/interpreter.py:docstring of curry.interpreter.interpreter.Interpreter.compile:20: WARNING: Unexpected section title.

Returns:
--------
/home/andy/sprite4/install/lib/python2.7/curry/interpreter/interpreter.py:docstring of curry.interpreter.interpreter.Interpreter.eval:4: WARNING: Unexpected section title.

Parameters:
-----------
/home/andy/sprite4/install/lib/python2.7/curry/interpreter/interpreter.py:docstring of curry.interpreter.interpreter.Interpreter.eval:13: WARNING: Unexpected section title.

Returns:
--------
/home/andy/sprite4/install/lib/python2.7/curry/interpreter/interpreter.py:docstring of curry.interpreter.interpreter.Interpreter.expr:31: WARNING: Unexpected section title.

Parameters:
-----------
/home/andy/sprite4/install/lib/python2.7/curry/interpreter/interpreter.py:docstring of curry.interpreter.interpreter.Interpreter.expr:41: WARNING: Unexpected section title.

Returns:
--------
/home/andy/sprite4/install/lib/python2.7/curry/interpreter/interpreter.py:docstring of curry.interpreter.interpreter.Interpreter.import_:4: WARNING: Unexpected section title.

Parameters:
-----------
/home/andy/sprite4/install/lib/python2.7/curry/interpreter/interpreter.py:docstring of curry.interpreter.interpreter.Interpreter.import_:26: WARNING: Unexpected section title.

Returns:
--------
/home/andy/sprite4/install/lib/python2.7/curry/interpreter/interpreter.py:docstring of curry.interpreter.interpreter.Interpreter.topython:7: WARNING: Unexpected section title.

Parameters:
-----------
/home/andy/sprite4/install/lib/python2.7/curry/interpreter/interpreter.py:docstring of curry.interpreter.interpreter.Interpreter.topython:14: WARNING: Unexpected section title.

Returns:
--------
/home/andy/sprite4/install/lib/python2.7/curry/interpreter/prelude_impl.py:docstring of curry.interpreter.prelude_impl.readCharLiteral:14: WARNING: Unexpected section title.

Yields:
--------
/home/andy/sprite4/install/lib/python2.7/curry/interpreter/prelude_impl.py:docstring of curry.interpreter.prelude_impl.readStringLiteral:7: WARNING: Unexpected section title.

Yields:
--------
/home/andy/sprite4/install/lib/python2.7/curry/interpreter/runtime.py:docstring of curry.interpreter.runtime.NodeInfo:8: WARNING: Unexpected section title.

Attributes:
-----------
/home/andy/sprite4/install/lib/python2.7/curry/interpreter/runtime.py:docstring of curry.interpreter.runtime.getGenerator:4: WARNING: Unexpected section title.

Parameters:
-----------
/home/andy/sprite4/install/lib/python2.7/curry/interpreter/runtime.py:docstring of curry.interpreter.runtime.instantiate:4: WARNING: Unexpected section title.

Parameters:
-----------
/home/andy/sprite4/install/lib/python2.7/curry/interpreter/runtime.py:docstring of curry.interpreter.runtime.pull_choice:8: WARNING: Unexpected section title.

Parameters:
-----------
/home/andy/sprite4/install/lib/python2.7/curry/interpreter/interpreter.py:docstring of curry.interpreter.Interpreter:7: WARNING: Unexpected section title.

Supported flags:
----------------
/home/andy/sprite4/install/lib/python2.7/curry/interpreter/interpreter.py:docstring of curry.interpreter.Interpreter:9: WARNING: Inline emphasis start-string without end-string.
/home/andy/sprite4/install/lib/python2.7/curry/interpreter/interpreter.py:docstring of curry.interpreter.Interpreter:11: WARNING: Inline substitution_reference start-string without end-string.
/home/andy/sprite4/install/lib/python2.7/curry/interpreter/interpreter.py:docstring of curry.interpreter.Interpreter:17: WARNING: Inline emphasis start-string without end-string.
/home/andy/sprite4/install/lib/python2.7/curry/interpreter/interpreter.py:docstring of curry.interpreter.Interpreter.compile:6: WARNING: Unexpected section title.

Parameters:
-----------
/home/andy/sprite4/install/lib/python2.7/curry/interpreter/interpreter.py:docstring of curry.interpreter.Interpreter.compile:20: WARNING: Unexpected section title.

Returns:
--------
/home/andy/sprite4/install/lib/python2.7/curry/interpreter/interpreter.py:docstring of curry.interpreter.Interpreter.eval:4: WARNING: Unexpected section title.

Parameters:
-----------
/home/andy/sprite4/install/lib/python2.7/curry/interpreter/interpreter.py:docstring of curry.interpreter.Interpreter.eval:13: WARNING: Unexpected section title.

Returns:
--------
/home/andy/sprite4/install/lib/python2.7/curry/interpreter/interpreter.py:docstring of curry.interpreter.Interpreter.expr:31: WARNING: Unexpected section title.

Parameters:
-----------
/home/andy/sprite4/install/lib/python2.7/curry/interpreter/interpreter.py:docstring of curry.interpreter.Interpreter.expr:41: WARNING: Unexpected section title.

Returns:
--------
/home/andy/sprite4/install/lib/python2.7/curry/interpreter/interpreter.py:docstring of curry.interpreter.Interpreter.import_:4: WARNING: Unexpected section title.

Parameters:
-----------
/home/andy/sprite4/install/lib/python2.7/curry/interpreter/interpreter.py:docstring of curry.interpreter.Interpreter.import_:26: WARNING: Unexpected section title.

Returns:
--------
/home/andy/sprite4/install/lib/python2.7/curry/interpreter/interpreter.py:docstring of curry.interpreter.Interpreter.topython:7: WARNING: Unexpected section title.

Parameters:
-----------
/home/andy/sprite4/install/lib/python2.7/curry/interpreter/interpreter.py:docstring of curry.interpreter.Interpreter.topython:14: WARNING: Unexpected section title.

Returns:
--------
/home/andy/sprite4/install/lib/python2.7/curry/utility/binding.py:docstring of curry.utility.binding.binding:4: WARNING: Unexpected section title.

Parameters:
-----------
/home/andy/sprite4/install/lib/python2.7/curry/utility/binding.py:docstring of curry.utility.binding.binding:13: WARNING: Unexpected section title.

Returns:
--------
/home/andy/sprite4/install/lib/python2.7/curry/utility/encoding.py:docstring of curry.utility.encoding.encode:4: WARNING: Unexpected section title.

Parameters:
-----------
/home/andy/sprite4/install/lib/python2.7/curry/utility/encoding.py:docstring of curry.utility.encoding.encode:11: WARNING: Unexpected section title.

Returns:
--------
/home/andy/sprite4/install/lib/python2.7/curry/__init__.py:docstring of curry.getInterpreter:1: WARNING: duplicate object description of curry.getInterpreter, other instance in /home/andy/sprite4/docs/source/curry.rst, use :noindex: for one of them
/home/andy/sprite4/install/lib/python2.7/curry/__init__.py:docstring of curry.reload:1: WARNING: duplicate object description of curry.reload, other instance in /home/andy/sprite4/docs/source/curry.rst, use :noindex: for one of them
looking for now-outdated files... none found
pickling environment... done
checking consistency... /home/andy/sprite4/docs/source/modules.rst: WARNING: document isn't included in any toctree
done
preparing documents... done
writing output... [  9%] curry
writing output... [ 18%] curry.interpreter
writing output... [ 27%] curry.lib
writing output... [ 36%] curry.llvm
writing output... [ 45%] curry.llvm.types
writing output... [ 54%] curry.runtime
writing output... [ 63%] curry.tools
writing output... [ 72%] curry.tools.icy
writing output... [ 81%] curry.utility
writing output... [ 90%] index
writing output... [100%] modules

generating indices... genindex py-modindex
highlighting module code... [  2%] curry
highlighting module code... [  5%] curry.cache
highlighting module code... [  8%] curry.exceptions
highlighting module code... [ 11%] curry.icurry
highlighting module code... [ 14%] curry.importer
highlighting module code... [ 17%] curry.inspect
highlighting module code... [ 20%] curry.interpreter.compile
highlighting module code... [ 23%] curry.interpreter.conversions
highlighting module code... [ 26%] curry.interpreter.eval
highlighting module code... [ 29%] curry.interpreter.function_compiler
highlighting module code... [ 32%] curry.interpreter.import_
highlighting module code... [ 35%] curry.interpreter.interpreter
highlighting module code... [ 38%] curry.interpreter.lookup
highlighting module code... [ 41%] curry.interpreter.module
highlighting module code... [ 44%] curry.interpreter.parameters
highlighting module code... [ 47%] curry.interpreter.prelude
highlighting module code... [ 50%] curry.interpreter.prelude_impl
highlighting module code... [ 52%] curry.interpreter.runtime
highlighting module code... [ 55%] curry.interpreter.show
highlighting module code... [ 58%] curry.interpreter.typecheckers
highlighting module code... [ 61%] curry.llvm
highlighting module code... [ 64%] curry.tools.icy.commands
highlighting module code... [ 67%] curry.tools.icy.options
highlighting module code... [ 70%] curry.tools.icy.repl
highlighting module code... [ 73%] curry.tools.icy.resolve
highlighting module code... [ 76%] curry.types
highlighting module code... [ 79%] curry.utility
highlighting module code... [ 82%] curry.utility.binding
highlighting module code... [ 85%] curry.utility.encoding
highlighting module code... [ 88%] curry.utility.flagutils
highlighting module code... [ 91%] curry.utility.proptree
highlighting module code... [ 94%] curry.utility.unboxed
highlighting module code... [ 97%] curry.utility.unionfind
highlighting module code... [100%] curry.utility.visitation

writing additional pages... search
copying static files... done
copying extra files... done
dumping search index in English (code: en) ... done
dumping object inventory... done
build succeeded, 69 warnings.

The HTML pages are in ../object-root/docs/html.

Build finished. The HTML pages are in /home/andy/sprite4/object-root/docs/html.
/home/andy/sprite4/install/bin/python -m sphinx -b man -d /home/andy/sprite4/object-root/docs/doctrees   source /home/andy/sprite4/object-root/docs/man
Running Sphinx v1.8.5
loading translations [python]... not available for built-in messages
making output directory...
loading pickled environment... done
building [mo]: targets for 0 po files that are out of date
building [man]: all manpages
updating environment: 0 added, 0 changed, 0 removed
looking for now-outdated files... none found
writing... sprite.1 { } 
build succeeded.

The manual pages are in ../object-root/docs/man.

Build finished. The manual pages are in /home/andy/sprite4/object-root/docs/man.
/home/andy/sprite4/install/bin/python -m sphinx -b texinfo -d /home/andy/sprite4/object-root/docs/doctrees   source /home/andy/sprite4/object-root/docs/texinfo
Running Sphinx v1.8.5
loading translations [python]... not available for built-in messages
making output directory...
loading pickled environment... done
building [mo]: targets for 0 po files that are out of date
building [texinfo]: all documents
updating environment: 0 added, 0 changed, 0 removed
looking for now-outdated files... none found
processing Sprite.texi...index 
resolving references...
writing... done
copying Texinfo support files... /home/andy/sprite4/object-root/docs/texinfo/Makefile done
build succeeded.

The Texinfo files are in ../object-root/docs/texinfo.
Run 'make' in that directory to run these through makeinfo
(use 'make info' here to do that automatically).
Running Texinfo files through makeinfo...
make -C /home/andy/sprite4/object-root/docs/texinfo info
make[1]: Entering directory '/home/andy/sprite4/object-root/docs/texinfo'
makeinfo --no-split -o 'Sprite.info' 'Sprite.texi'
make[1]: Leaving directory '/home/andy/sprite4/object-root/docs/texinfo'
makeinfo finished; the Info files are in /home/andy/sprite4/object-root/docs/texinfo.
mkdir -p /home/andy/sprite4/install/docs
rsync -az /home/andy/sprite4/object-root/docs/ /home/andy/sprite4/install/docs

make MANIFEST
cd /home/andy/sprite4/install && tree -anps -o /home/andy/sprite4//MANIFEST
